<?xml version="1.0" encoding="UTF-8"?>
<robot generator="Robot 4.0.3 (Python 3.9.6 on win32)" generated="20210713 20:19:48.628" rpa="false" schemaversion="2">
<suite id="s1" name="Amazon" source="C:\Users\Kajal Shele\OneDrive\Documents\Course_Notes\CloudTechC2C\development\Robot_Scripts\LatestAmazonScriptWithGherkin\tests\amazon.robot">
<test id="s1-t1" name="Logged out user can search for product">
<kw name="Begin Web Tests" library="Common" type="SETUP">
<kw name="Open Browser" library="SeleniumLibrary">
<arg>about:blank</arg>
<arg>${BROWSER}</arg>
<doc>Opens a new browser instance to the optional ``url``.</doc>
<msg timestamp="20210713 20:19:50.816" level="INFO">Opening browser 'chrome' to base url 'about:blank'.</msg>
<status status="PASS" starttime="20210713 20:19:50.816" endtime="20210713 20:19:57.052"/>
</kw>
<status status="PASS" starttime="20210713 20:19:50.816" endtime="20210713 20:19:57.053"/>
</kw>
<kw name="Given User is not logged in" library="AmazonApp">
<kw name="Log" library="BuiltIn">
<arg>Check to see whether user is logged in</arg>
<doc>Logs the given message with the given level.</doc>
<msg timestamp="20210713 20:19:57.063" level="INFO">Check to see whether user is logged in</msg>
<status status="PASS" starttime="20210713 20:19:57.063" endtime="20210713 20:19:57.064"/>
</kw>
<status status="PASS" starttime="20210713 20:19:57.062" endtime="20210713 20:19:57.064"/>
</kw>
<kw name="And User searches for product" library="AmazonApp">
<kw name="Load" library="LandingPage">
<kw name="Maximize window" library="LandingPage">
<kw name="Maximize Browser Window" library="SeleniumLibrary">
<doc>Maximizes current browser window.</doc>
<status status="PASS" starttime="20210713 20:19:57.069" endtime="20210713 20:19:57.341"/>
</kw>
<status status="PASS" starttime="20210713 20:19:57.068" endtime="20210713 20:19:57.349"/>
</kw>
<kw name="Open amazon website" library="LandingPage">
<kw name="Go To" library="SeleniumLibrary">
<arg>https://www.amazon.com</arg>
<doc>Navigates the current browser window to the provided ``url``.</doc>
<msg timestamp="20210713 20:19:57.351" level="INFO">Opening url 'https://www.amazon.com'</msg>
<status status="PASS" starttime="20210713 20:19:57.351" endtime="20210713 20:20:03.181"/>
</kw>
<status status="PASS" starttime="20210713 20:19:57.349" endtime="20210713 20:20:03.182"/>
</kw>
<kw name="Verify site is loaded" library="LandingPage">
<kw name="Wait Until Page Contains Element" library="SeleniumLibrary">
<arg>nav-logo-sprites</arg>
<doc>Waits until the element ``locator`` appears on the current page.</doc>
<status status="PASS" starttime="20210713 20:20:03.183" endtime="20210713 20:20:03.715"/>
</kw>
<status status="PASS" starttime="20210713 20:20:03.182" endtime="20210713 20:20:03.715"/>
</kw>
<status status="PASS" starttime="20210713 20:19:57.067" endtime="20210713 20:20:03.716"/>
</kw>
<kw name="Search for product" library="TopNav">
<kw name="Enter search term" library="TopNav">
<kw name="Input Text" library="SeleniumLibrary">
<arg>xpath=//input[@id='twotabsearchtextbox']</arg>
<arg>Ferrari 458</arg>
<doc>Types the given ``text`` into the text field identified by ``locator``.</doc>
<msg timestamp="20210713 20:20:03.720" level="INFO">Typing text 'Ferrari 458' into text field 'xpath=//input[@id='twotabsearchtextbox']'.</msg>
<status status="PASS" starttime="20210713 20:20:03.718" endtime="20210713 20:20:04.303"/>
</kw>
<status status="PASS" starttime="20210713 20:20:03.717" endtime="20210713 20:20:04.304"/>
</kw>
<kw name="Submit search" library="TopNav">
<kw name="Click Button" library="SeleniumLibrary">
<arg>id=nav-search-submit-button</arg>
<doc>Clicks the button identified by ``locator``.</doc>
<msg timestamp="20210713 20:20:04.306" level="INFO">Clicking button 'id=nav-search-submit-button'.</msg>
<status status="PASS" starttime="20210713 20:20:04.305" endtime="20210713 20:20:10.824"/>
</kw>
<status status="PASS" starttime="20210713 20:20:04.304" endtime="20210713 20:20:10.824"/>
</kw>
<status status="PASS" starttime="20210713 20:20:03.716" endtime="20210713 20:20:10.825"/>
</kw>
<status status="PASS" starttime="20210713 20:19:57.065" endtime="20210713 20:20:10.825"/>
</kw>
<kw name="Then Search result contain relevant product" library="AmazonApp">
<kw name="Verify search is completed" library="SearchResult">
<kw name="Wait Until Page Contains" library="SeleniumLibrary">
<arg>results for "Ferrari 458"</arg>
<doc>Waits until ``text`` appears on the current page.</doc>
<status status="PASS" starttime="20210713 20:20:10.830" endtime="20210713 20:20:11.176"/>
</kw>
<status status="PASS" starttime="20210713 20:20:10.829" endtime="20210713 20:20:11.176"/>
</kw>
<status status="PASS" starttime="20210713 20:20:10.827" endtime="20210713 20:20:11.177"/>
</kw>
<kw name="End Web Tests" library="Common" type="TEARDOWN">
<kw name="Close Browser" library="SeleniumLibrary">
<doc>Closes the current browser.</doc>
<status status="PASS" starttime="20210713 20:20:11.202" endtime="20210713 20:20:14.897"/>
</kw>
<status status="PASS" starttime="20210713 20:20:11.201" endtime="20210713 20:20:14.897"/>
</kw>
<tag>smoke</tag>
<status status="PASS" starttime="20210713 20:19:50.816" endtime="20210713 20:20:14.897"/>
</test>
<test id="s1-t2" name="Logged out user can view product">
<kw name="Begin Web Tests" library="Common" type="SETUP">
<kw name="Open Browser" library="SeleniumLibrary">
<arg>about:blank</arg>
<arg>${BROWSER}</arg>
<doc>Opens a new browser instance to the optional ``url``.</doc>
<msg timestamp="20210713 20:20:14.897" level="INFO">Opening browser 'chrome' to base url 'about:blank'.</msg>
<status status="PASS" starttime="20210713 20:20:14.897" endtime="20210713 20:20:17.837"/>
</kw>
<status status="PASS" starttime="20210713 20:20:14.897" endtime="20210713 20:20:17.837"/>
</kw>
<kw name="Given User is not logged in" library="AmazonApp">
<kw name="Log" library="BuiltIn">
<arg>Check to see whether user is logged in</arg>
<doc>Logs the given message with the given level.</doc>
<msg timestamp="20210713 20:20:17.924" level="INFO">Check to see whether user is logged in</msg>
<status status="PASS" starttime="20210713 20:20:17.923" endtime="20210713 20:20:17.924"/>
</kw>
<status status="PASS" starttime="20210713 20:20:17.922" endtime="20210713 20:20:17.925"/>
</kw>
<kw name="And User searches for product" library="AmazonApp">
<kw name="Load" library="LandingPage">
<kw name="Maximize window" library="LandingPage">
<kw name="Maximize Browser Window" library="SeleniumLibrary">
<doc>Maximizes current browser window.</doc>
<status status="PASS" starttime="20210713 20:20:17.933" endtime="20210713 20:20:18.138"/>
</kw>
<status status="PASS" starttime="20210713 20:20:17.932" endtime="20210713 20:20:18.138"/>
</kw>
<kw name="Open amazon website" library="LandingPage">
<kw name="Go To" library="SeleniumLibrary">
<arg>https://www.amazon.com</arg>
<doc>Navigates the current browser window to the provided ``url``.</doc>
<msg timestamp="20210713 20:20:18.138" level="INFO">Opening url 'https://www.amazon.com'</msg>
<status status="PASS" starttime="20210713 20:20:18.138" endtime="20210713 20:20:23.341"/>
</kw>
<status status="PASS" starttime="20210713 20:20:18.138" endtime="20210713 20:20:23.341"/>
</kw>
<kw name="Verify site is loaded" library="LandingPage">
<kw name="Wait Until Page Contains Element" library="SeleniumLibrary">
<arg>nav-logo-sprites</arg>
<doc>Waits until the element ``locator`` appears on the current page.</doc>
<status status="PASS" starttime="20210713 20:20:23.341" endtime="20210713 20:20:23.967"/>
</kw>
<status status="PASS" starttime="20210713 20:20:23.341" endtime="20210713 20:20:23.968"/>
</kw>
<status status="PASS" starttime="20210713 20:20:17.931" endtime="20210713 20:20:23.968"/>
</kw>
<kw name="Search for product" library="TopNav">
<kw name="Enter search term" library="TopNav">
<kw name="Input Text" library="SeleniumLibrary">
<arg>xpath=//input[@id='twotabsearchtextbox']</arg>
<arg>Ferrari 458</arg>
<doc>Types the given ``text`` into the text field identified by ``locator``.</doc>
<msg timestamp="20210713 20:20:23.970" level="INFO">Typing text 'Ferrari 458' into text field 'xpath=//input[@id='twotabsearchtextbox']'.</msg>
<status status="PASS" starttime="20210713 20:20:23.970" endtime="20210713 20:20:24.359"/>
</kw>
<status status="PASS" starttime="20210713 20:20:23.969" endtime="20210713 20:20:24.359"/>
</kw>
<kw name="Submit search" library="TopNav">
<kw name="Click Button" library="SeleniumLibrary">
<arg>id=nav-search-submit-button</arg>
<doc>Clicks the button identified by ``locator``.</doc>
<msg timestamp="20210713 20:20:24.361" level="INFO">Clicking button 'id=nav-search-submit-button'.</msg>
<status status="PASS" starttime="20210713 20:20:24.361" endtime="20210713 20:20:30.178"/>
</kw>
<status status="PASS" starttime="20210713 20:20:24.360" endtime="20210713 20:20:30.178"/>
</kw>
<status status="PASS" starttime="20210713 20:20:23.968" endtime="20210713 20:20:30.179"/>
</kw>
<status status="PASS" starttime="20210713 20:20:17.930" endtime="20210713 20:20:30.180"/>
</kw>
<kw name="And Search result contain relevant product" library="AmazonApp">
<kw name="Verify search is completed" library="SearchResult">
<kw name="Wait Until Page Contains" library="SeleniumLibrary">
<arg>results for "Ferrari 458"</arg>
<doc>Waits until ``text`` appears on the current page.</doc>
<status status="PASS" starttime="20210713 20:20:30.190" endtime="20210713 20:20:30.498"/>
</kw>
<status status="PASS" starttime="20210713 20:20:30.189" endtime="20210713 20:20:30.498"/>
</kw>
<status status="PASS" starttime="20210713 20:20:30.188" endtime="20210713 20:20:30.498"/>
</kw>
<kw name="Then User selects product from results" library="AmazonApp">
<kw name="Click product link" library="SearchResult">
<kw name="Click Element" library="SeleniumLibrary">
<arg>xpath=//img[@alt='RASTAR Ferrari Remote Control Car, 1/24 Scale Ferrari 458 Italia Model Car, Red Ferrari Toy Car']</arg>
<doc>Click the element identified by ``locator``.</doc>
<msg timestamp="20210713 20:20:30.512" level="INFO">Clicking element 'xpath=//img[@alt='RASTAR Ferrari Remote Control Car, 1/24 Scale Ferrari 458 Italia Model Car, Red Ferrari Toy Car']'.</msg>
<status status="PASS" starttime="20210713 20:20:30.511" endtime="20210713 20:20:37.436"/>
</kw>
<status status="PASS" starttime="20210713 20:20:30.511" endtime="20210713 20:20:37.437"/>
</kw>
<kw name="Verify product is loaded" library="Product">
<kw name="Wait Until Page Contains" library="SeleniumLibrary">
<arg>RASTAR Ferrari Remote Control Car, 1/24 Scale Ferrari 458 Italia Model Car, Red Ferrari Toy Car</arg>
<doc>Waits until ``text`` appears on the current page.</doc>
<status status="PASS" starttime="20210713 20:20:37.438" endtime="20210713 20:20:37.508"/>
</kw>
<status status="PASS" starttime="20210713 20:20:37.437" endtime="20210713 20:20:37.509"/>
</kw>
<status status="PASS" starttime="20210713 20:20:30.510" endtime="20210713 20:20:37.509"/>
</kw>
<kw name="End Web Tests" library="Common" type="TEARDOWN">
<kw name="Close Browser" library="SeleniumLibrary">
<doc>Closes the current browser.</doc>
<status status="PASS" starttime="20210713 20:20:37.512" endtime="20210713 20:20:40.383"/>
</kw>
<status status="PASS" starttime="20210713 20:20:37.511" endtime="20210713 20:20:40.383"/>
</kw>
<tag>smoke</tag>
<status status="PASS" starttime="20210713 20:20:14.897" endtime="20210713 20:20:40.383"/>
</test>
<test id="s1-t3" name="Logged out user can add product to cart">
<kw name="Begin Web Tests" library="Common" type="SETUP">
<kw name="Open Browser" library="SeleniumLibrary">
<arg>about:blank</arg>
<arg>${BROWSER}</arg>
<doc>Opens a new browser instance to the optional ``url``.</doc>
<msg timestamp="20210713 20:20:40.389" level="INFO">Opening browser 'chrome' to base url 'about:blank'.</msg>
<status status="PASS" starttime="20210713 20:20:40.389" endtime="20210713 20:20:44.091"/>
</kw>
<status status="PASS" starttime="20210713 20:20:40.389" endtime="20210713 20:20:44.091"/>
</kw>
<kw name="Given User is not logged in" library="AmazonApp">
<kw name="Log" library="BuiltIn">
<arg>Check to see whether user is logged in</arg>
<doc>Logs the given message with the given level.</doc>
<msg timestamp="20210713 20:20:44.106" level="INFO">Check to see whether user is logged in</msg>
<status status="PASS" starttime="20210713 20:20:44.105" endtime="20210713 20:20:44.106"/>
</kw>
<status status="PASS" starttime="20210713 20:20:44.104" endtime="20210713 20:20:44.106"/>
</kw>
<kw name="And User searches for product" library="AmazonApp">
<kw name="Load" library="LandingPage">
<kw name="Maximize window" library="LandingPage">
<kw name="Maximize Browser Window" library="SeleniumLibrary">
<doc>Maximizes current browser window.</doc>
<status status="PASS" starttime="20210713 20:20:44.111" endtime="20210713 20:20:44.319"/>
</kw>
<status status="PASS" starttime="20210713 20:20:44.110" endtime="20210713 20:20:44.319"/>
</kw>
<kw name="Open amazon website" library="LandingPage">
<kw name="Go To" library="SeleniumLibrary">
<arg>https://www.amazon.com</arg>
<doc>Navigates the current browser window to the provided ``url``.</doc>
<msg timestamp="20210713 20:20:44.319" level="INFO">Opening url 'https://www.amazon.com'</msg>
<status status="PASS" starttime="20210713 20:20:44.319" endtime="20210713 20:20:51.619"/>
</kw>
<status status="PASS" starttime="20210713 20:20:44.319" endtime="20210713 20:20:51.620"/>
</kw>
<kw name="Verify site is loaded" library="LandingPage">
<kw name="Wait Until Page Contains Element" library="SeleniumLibrary">
<arg>nav-logo-sprites</arg>
<doc>Waits until the element ``locator`` appears on the current page.</doc>
<status status="PASS" starttime="20210713 20:20:51.621" endtime="20210713 20:20:52.306"/>
</kw>
<status status="PASS" starttime="20210713 20:20:51.620" endtime="20210713 20:20:52.306"/>
</kw>
<status status="PASS" starttime="20210713 20:20:44.109" endtime="20210713 20:20:52.306"/>
</kw>
<kw name="Search for product" library="TopNav">
<kw name="Enter search term" library="TopNav">
<kw name="Input Text" library="SeleniumLibrary">
<arg>xpath=//input[@id='twotabsearchtextbox']</arg>
<arg>Ferrari 458</arg>
<doc>Types the given ``text`` into the text field identified by ``locator``.</doc>
<msg timestamp="20210713 20:20:52.309" level="INFO">Typing text 'Ferrari 458' into text field 'xpath=//input[@id='twotabsearchtextbox']'.</msg>
<status status="PASS" starttime="20210713 20:20:52.308" endtime="20210713 20:20:53.585"/>
</kw>
<status status="PASS" starttime="20210713 20:20:52.307" endtime="20210713 20:20:53.586"/>
</kw>
<kw name="Submit search" library="TopNav">
<kw name="Click Button" library="SeleniumLibrary">
<arg>id=nav-search-submit-button</arg>
<doc>Clicks the button identified by ``locator``.</doc>
<msg timestamp="20210713 20:20:53.588" level="INFO">Clicking button 'id=nav-search-submit-button'.</msg>
<status status="PASS" starttime="20210713 20:20:53.587" endtime="20210713 20:20:59.837"/>
</kw>
<status status="PASS" starttime="20210713 20:20:53.586" endtime="20210713 20:20:59.838"/>
</kw>
<status status="PASS" starttime="20210713 20:20:52.307" endtime="20210713 20:20:59.838"/>
</kw>
<status status="PASS" starttime="20210713 20:20:44.108" endtime="20210713 20:20:59.839"/>
</kw>
<kw name="And Search result contain relevant product" library="AmazonApp">
<kw name="Verify search is completed" library="SearchResult">
<kw name="Wait Until Page Contains" library="SeleniumLibrary">
<arg>results for "Ferrari 458"</arg>
<doc>Waits until ``text`` appears on the current page.</doc>
<status status="PASS" starttime="20210713 20:20:59.842" endtime="20210713 20:20:59.963"/>
</kw>
<status status="PASS" starttime="20210713 20:20:59.841" endtime="20210713 20:20:59.963"/>
</kw>
<status status="PASS" starttime="20210713 20:20:59.840" endtime="20210713 20:20:59.964"/>
</kw>
<kw name="And User selects product from results" library="AmazonApp">
<kw name="Click product link" library="SearchResult">
<kw name="Click Element" library="SeleniumLibrary">
<arg>xpath=//img[@alt='RASTAR Ferrari Remote Control Car, 1/24 Scale Ferrari 458 Italia Model Car, Red Ferrari Toy Car']</arg>
<doc>Click the element identified by ``locator``.</doc>
<msg timestamp="20210713 20:20:59.982" level="INFO">Clicking element 'xpath=//img[@alt='RASTAR Ferrari Remote Control Car, 1/24 Scale Ferrari 458 Italia Model Car, Red Ferrari Toy Car']'.</msg>
<status status="PASS" starttime="20210713 20:20:59.981" endtime="20210713 20:21:05.639"/>
</kw>
<status status="PASS" starttime="20210713 20:20:59.979" endtime="20210713 20:21:05.640"/>
</kw>
<kw name="Verify product is loaded" library="Product">
<kw name="Wait Until Page Contains" library="SeleniumLibrary">
<arg>RASTAR Ferrari Remote Control Car, 1/24 Scale Ferrari 458 Italia Model Car, Red Ferrari Toy Car</arg>
<doc>Waits until ``text`` appears on the current page.</doc>
<status status="PASS" starttime="20210713 20:21:05.641" endtime="20210713 20:21:05.836"/>
</kw>
<status status="PASS" starttime="20210713 20:21:05.640" endtime="20210713 20:21:05.837"/>
</kw>
<status status="PASS" starttime="20210713 20:20:59.976" endtime="20210713 20:21:05.837"/>
</kw>
<kw name="And User Choose Location" library="AmazonApp">
<kw name="Select appropriate location" library="Product">
<kw name="Click Delivery link" library="Product">
<kw name="Click Element" library="SeleniumLibrary">
<arg>xpath=//div[@id='contextualIngressPtLabel_deliveryShortLine']/span[last()]</arg>
<doc>Click the element identified by ``locator``.</doc>
<msg timestamp="20210713 20:21:05.841" level="INFO">Clicking element 'xpath=//div[@id='contextualIngressPtLabel_deliveryShortLine']/span[last()]'.</msg>
<status status="PASS" starttime="20210713 20:21:05.840" endtime="20210713 20:21:07.615"/>
</kw>
<status status="PASS" starttime="20210713 20:21:05.840" endtime="20210713 20:21:07.615"/>
</kw>
<kw name="Verify &quot;Choose your location&quot; page is loaded" library="Product">
<kw name="Wait Until Page Contains" library="SeleniumLibrary">
<arg>Choose your location</arg>
<doc>Waits until ``text`` appears on the current page.</doc>
<status status="PASS" starttime="20210713 20:21:07.617" endtime="20210713 20:21:07.724"/>
</kw>
<status status="PASS" starttime="20210713 20:21:07.616" endtime="20210713 20:21:07.724"/>
</kw>
<kw name="Click country dropdown arrow" library="Product">
<kw name="Click Element" library="SeleniumLibrary">
<arg>id=GLUXCountryValue</arg>
<doc>Click the element identified by ``locator``.</doc>
<msg timestamp="20210713 20:21:07.726" level="INFO">Clicking element 'id=GLUXCountryValue'.</msg>
<status status="PASS" starttime="20210713 20:21:07.725" endtime="20210713 20:21:08.135"/>
</kw>
<status status="PASS" starttime="20210713 20:21:07.724" endtime="20210713 20:21:08.135"/>
</kw>
<kw name="Select country from list" library="Product">
<kw name="Click Element" library="SeleniumLibrary">
<arg>xpath=//li[@aria-labelledby='GLUXCountryList_1']/a[text()='Canada']</arg>
<doc>Click the element identified by ``locator``.</doc>
<msg timestamp="20210713 20:21:08.136" level="INFO">Clicking element 'xpath=//li[@aria-labelledby='GLUXCountryList_1']/a[text()='Canada']'.</msg>
<status status="PASS" starttime="20210713 20:21:08.136" endtime="20210713 20:21:08.933"/>
</kw>
<status status="PASS" starttime="20210713 20:21:08.135" endtime="20210713 20:21:08.934"/>
</kw>
<kw name="Press Done" library="Product">
<kw name="Click Button" library="SeleniumLibrary">
<arg>xpath=//button[text()='Done']</arg>
<doc>Clicks the button identified by ``locator``.</doc>
<msg timestamp="20210713 20:21:08.936" level="INFO">Clicking button 'xpath=//button[text()='Done']'.</msg>
<status status="PASS" starttime="20210713 20:21:08.935" endtime="20210713 20:21:09.363"/>
</kw>
<status status="PASS" starttime="20210713 20:21:08.934" endtime="20210713 20:21:09.363"/>
</kw>
<status status="PASS" starttime="20210713 20:21:05.839" endtime="20210713 20:21:09.364"/>
</kw>
<status status="PASS" starttime="20210713 20:21:05.838" endtime="20210713 20:21:09.364"/>
</kw>
<kw name="And User add product to cart" library="AmazonApp">
<kw name="Verify add to cart button is enable" library="Product">
<kw name="Wait Until Element Is Enabled" library="SeleniumLibrary">
<arg>add-to-cart-button</arg>
<doc>Waits until the element ``locator`` is enabled.</doc>
<status status="PASS" starttime="20210713 20:21:09.367" endtime="20210713 20:21:16.604"/>
</kw>
<status status="PASS" starttime="20210713 20:21:09.367" endtime="20210713 20:21:16.605"/>
</kw>
<kw name="Add product to cart" library="Product">
<kw name="Click Element" library="SeleniumLibrary">
<arg>id=add-to-cart-button</arg>
<doc>Click the element identified by ``locator``.</doc>
<msg timestamp="20210713 20:21:16.608" level="INFO">Clicking element 'id=add-to-cart-button'.</msg>
<status status="PASS" starttime="20210713 20:21:16.607" endtime="20210713 20:21:19.151"/>
</kw>
<status status="PASS" starttime="20210713 20:21:16.606" endtime="20210713 20:21:19.151"/>
</kw>
<status status="PASS" starttime="20210713 20:21:09.366" endtime="20210713 20:21:19.152"/>
</kw>
<kw name="Then Product is present in the cart" library="AmazonApp">
<kw name="Verify product is added" library="Cart">
<kw name="Wait Until Page Contains" library="SeleniumLibrary">
<arg>Added to Cart</arg>
<doc>Waits until ``text`` appears on the current page.</doc>
<status status="PASS" starttime="20210713 20:21:19.174" endtime="20210713 20:21:19.491"/>
</kw>
<status status="PASS" starttime="20210713 20:21:19.173" endtime="20210713 20:21:19.493"/>
</kw>
<status status="PASS" starttime="20210713 20:21:19.172" endtime="20210713 20:21:19.493"/>
</kw>
<kw name="End Web Tests" library="Common" type="TEARDOWN">
<kw name="Close Browser" library="SeleniumLibrary">
<doc>Closes the current browser.</doc>
<status status="PASS" starttime="20210713 20:21:19.497" endtime="20210713 20:21:23.755"/>
</kw>
<status status="PASS" starttime="20210713 20:21:19.496" endtime="20210713 20:21:23.755"/>
</kw>
<tag>smoke</tag>
<status status="PASS" starttime="20210713 20:20:40.389" endtime="20210713 20:21:23.755"/>
</test>
<test id="s1-t4" name="Logged out user must sign in to check out">
<kw name="Begin Web Tests" library="Common" type="SETUP">
<kw name="Open Browser" library="SeleniumLibrary">
<arg>about:blank</arg>
<arg>${BROWSER}</arg>
<doc>Opens a new browser instance to the optional ``url``.</doc>
<msg timestamp="20210713 20:21:23.755" level="INFO">Opening browser 'chrome' to base url 'about:blank'.</msg>
<status status="PASS" starttime="20210713 20:21:23.755" endtime="20210713 20:21:30.233"/>
</kw>
<status status="PASS" starttime="20210713 20:21:23.755" endtime="20210713 20:21:30.235"/>
</kw>
<kw name="Given User is not logged in" library="AmazonApp">
<kw name="Log" library="BuiltIn">
<arg>Check to see whether user is logged in</arg>
<doc>Logs the given message with the given level.</doc>
<msg timestamp="20210713 20:21:30.243" level="INFO">Check to see whether user is logged in</msg>
<status status="PASS" starttime="20210713 20:21:30.243" endtime="20210713 20:21:30.245"/>
</kw>
<status status="PASS" starttime="20210713 20:21:30.243" endtime="20210713 20:21:30.245"/>
</kw>
<kw name="And User searches for product" library="AmazonApp">
<kw name="Load" library="LandingPage">
<kw name="Maximize window" library="LandingPage">
<kw name="Maximize Browser Window" library="SeleniumLibrary">
<doc>Maximizes current browser window.</doc>
<status status="PASS" starttime="20210713 20:21:30.245" endtime="20210713 20:21:30.483"/>
</kw>
<status status="PASS" starttime="20210713 20:21:30.245" endtime="20210713 20:21:30.483"/>
</kw>
<kw name="Open amazon website" library="LandingPage">
<kw name="Go To" library="SeleniumLibrary">
<arg>https://www.amazon.com</arg>
<doc>Navigates the current browser window to the provided ``url``.</doc>
<msg timestamp="20210713 20:21:30.483" level="INFO">Opening url 'https://www.amazon.com'</msg>
<status status="PASS" starttime="20210713 20:21:30.483" endtime="20210713 20:21:36.611"/>
</kw>
<status status="PASS" starttime="20210713 20:21:30.483" endtime="20210713 20:21:36.614"/>
</kw>
<kw name="Verify site is loaded" library="LandingPage">
<kw name="Wait Until Page Contains Element" library="SeleniumLibrary">
<arg>nav-logo-sprites</arg>
<doc>Waits until the element ``locator`` appears on the current page.</doc>
<status status="PASS" starttime="20210713 20:21:36.614" endtime="20210713 20:21:37.204"/>
</kw>
<status status="PASS" starttime="20210713 20:21:36.614" endtime="20210713 20:21:37.205"/>
</kw>
<status status="PASS" starttime="20210713 20:21:30.245" endtime="20210713 20:21:37.205"/>
</kw>
<kw name="Search for product" library="TopNav">
<kw name="Enter search term" library="TopNav">
<kw name="Input Text" library="SeleniumLibrary">
<arg>xpath=//input[@id='twotabsearchtextbox']</arg>
<arg>Ferrari 458</arg>
<doc>Types the given ``text`` into the text field identified by ``locator``.</doc>
<msg timestamp="20210713 20:21:37.208" level="INFO">Typing text 'Ferrari 458' into text field 'xpath=//input[@id='twotabsearchtextbox']'.</msg>
<status status="PASS" starttime="20210713 20:21:37.207" endtime="20210713 20:21:37.629"/>
</kw>
<status status="PASS" starttime="20210713 20:21:37.206" endtime="20210713 20:21:37.629"/>
</kw>
<kw name="Submit search" library="TopNav">
<kw name="Click Button" library="SeleniumLibrary">
<arg>id=nav-search-submit-button</arg>
<doc>Clicks the button identified by ``locator``.</doc>
<msg timestamp="20210713 20:21:37.631" level="INFO">Clicking button 'id=nav-search-submit-button'.</msg>
<status status="PASS" starttime="20210713 20:21:37.631" endtime="20210713 20:21:43.965"/>
</kw>
<status status="PASS" starttime="20210713 20:21:37.630" endtime="20210713 20:21:43.965"/>
</kw>
<status status="PASS" starttime="20210713 20:21:37.205" endtime="20210713 20:21:43.966"/>
</kw>
<status status="PASS" starttime="20210713 20:21:30.245" endtime="20210713 20:21:43.966"/>
</kw>
<kw name="And Search result contain relevant product" library="AmazonApp">
<kw name="Verify search is completed" library="SearchResult">
<kw name="Wait Until Page Contains" library="SeleniumLibrary">
<arg>results for "Ferrari 458"</arg>
<doc>Waits until ``text`` appears on the current page.</doc>
<status status="PASS" starttime="20210713 20:21:43.971" endtime="20210713 20:21:44.108"/>
</kw>
<status status="PASS" starttime="20210713 20:21:43.970" endtime="20210713 20:21:44.108"/>
</kw>
<status status="PASS" starttime="20210713 20:21:43.969" endtime="20210713 20:21:44.108"/>
</kw>
<kw name="And User selects product from results" library="AmazonApp">
<kw name="Click product link" library="SearchResult">
<kw name="Click Element" library="SeleniumLibrary">
<arg>xpath=//img[@alt='RASTAR Ferrari Remote Control Car, 1/24 Scale Ferrari 458 Italia Model Car, Red Ferrari Toy Car']</arg>
<doc>Click the element identified by ``locator``.</doc>
<msg timestamp="20210713 20:21:44.113" level="INFO">Clicking element 'xpath=//img[@alt='RASTAR Ferrari Remote Control Car, 1/24 Scale Ferrari 458 Italia Model Car, Red Ferrari Toy Car']'.</msg>
<status status="PASS" starttime="20210713 20:21:44.112" endtime="20210713 20:21:51.133"/>
</kw>
<status status="PASS" starttime="20210713 20:21:44.112" endtime="20210713 20:21:51.133"/>
</kw>
<kw name="Verify product is loaded" library="Product">
<kw name="Wait Until Page Contains" library="SeleniumLibrary">
<arg>RASTAR Ferrari Remote Control Car, 1/24 Scale Ferrari 458 Italia Model Car, Red Ferrari Toy Car</arg>
<doc>Waits until ``text`` appears on the current page.</doc>
<status status="PASS" starttime="20210713 20:21:51.135" endtime="20210713 20:21:51.456"/>
</kw>
<status status="PASS" starttime="20210713 20:21:51.134" endtime="20210713 20:21:51.457"/>
</kw>
<status status="PASS" starttime="20210713 20:21:44.111" endtime="20210713 20:21:51.457"/>
</kw>
<kw name="And User Choose Location" library="AmazonApp">
<kw name="Select appropriate location" library="Product">
<kw name="Click Delivery link" library="Product">
<kw name="Click Element" library="SeleniumLibrary">
<arg>xpath=//div[@id='contextualIngressPtLabel_deliveryShortLine']/span[last()]</arg>
<doc>Click the element identified by ``locator``.</doc>
<msg timestamp="20210713 20:21:51.463" level="INFO">Clicking element 'xpath=//div[@id='contextualIngressPtLabel_deliveryShortLine']/span[last()]'.</msg>
<status status="PASS" starttime="20210713 20:21:51.462" endtime="20210713 20:21:52.143"/>
</kw>
<status status="PASS" starttime="20210713 20:21:51.461" endtime="20210713 20:21:52.144"/>
</kw>
<kw name="Verify &quot;Choose your location&quot; page is loaded" library="Product">
<kw name="Wait Until Page Contains" library="SeleniumLibrary">
<arg>Choose your location</arg>
<doc>Waits until ``text`` appears on the current page.</doc>
<status status="PASS" starttime="20210713 20:21:52.145" endtime="20210713 20:21:53.274"/>
</kw>
<status status="PASS" starttime="20210713 20:21:52.144" endtime="20210713 20:21:53.275"/>
</kw>
<kw name="Click country dropdown arrow" library="Product">
<kw name="Click Element" library="SeleniumLibrary">
<arg>id=GLUXCountryValue</arg>
<doc>Click the element identified by ``locator``.</doc>
<msg timestamp="20210713 20:21:53.277" level="INFO">Clicking element 'id=GLUXCountryValue'.</msg>
<status status="PASS" starttime="20210713 20:21:53.276" endtime="20210713 20:21:53.541"/>
</kw>
<status status="PASS" starttime="20210713 20:21:53.275" endtime="20210713 20:21:53.541"/>
</kw>
<kw name="Select country from list" library="Product">
<kw name="Click Element" library="SeleniumLibrary">
<arg>xpath=//li[@aria-labelledby='GLUXCountryList_1']/a[text()='Canada']</arg>
<doc>Click the element identified by ``locator``.</doc>
<msg timestamp="20210713 20:21:53.543" level="INFO">Clicking element 'xpath=//li[@aria-labelledby='GLUXCountryList_1']/a[text()='Canada']'.</msg>
<status status="PASS" starttime="20210713 20:21:53.543" endtime="20210713 20:21:54.164"/>
</kw>
<status status="PASS" starttime="20210713 20:21:53.542" endtime="20210713 20:21:54.165"/>
</kw>
<kw name="Press Done" library="Product">
<kw name="Click Button" library="SeleniumLibrary">
<arg>xpath=//button[text()='Done']</arg>
<doc>Clicks the button identified by ``locator``.</doc>
<msg timestamp="20210713 20:21:54.166" level="INFO">Clicking button 'xpath=//button[text()='Done']'.</msg>
<status status="PASS" starttime="20210713 20:21:54.166" endtime="20210713 20:21:54.714"/>
</kw>
<status status="PASS" starttime="20210713 20:21:54.165" endtime="20210713 20:21:54.715"/>
</kw>
<status status="PASS" starttime="20210713 20:21:51.460" endtime="20210713 20:21:54.715"/>
</kw>
<status status="PASS" starttime="20210713 20:21:51.459" endtime="20210713 20:21:54.715"/>
</kw>
<kw name="And User add product to cart" library="AmazonApp">
<kw name="Verify add to cart button is enable" library="Product">
<kw name="Wait Until Element Is Enabled" library="SeleniumLibrary">
<arg>add-to-cart-button</arg>
<doc>Waits until the element ``locator`` is enabled.</doc>
<status status="PASS" starttime="20210713 20:21:54.719" endtime="20210713 20:22:00.127"/>
</kw>
<status status="PASS" starttime="20210713 20:21:54.718" endtime="20210713 20:22:00.127"/>
</kw>
<kw name="Add product to cart" library="Product">
<kw name="Click Element" library="SeleniumLibrary">
<arg>id=add-to-cart-button</arg>
<doc>Click the element identified by ``locator``.</doc>
<msg timestamp="20210713 20:22:00.129" level="INFO">Clicking element 'id=add-to-cart-button'.</msg>
<status status="PASS" starttime="20210713 20:22:00.128" endtime="20210713 20:22:02.403"/>
</kw>
<status status="PASS" starttime="20210713 20:22:00.127" endtime="20210713 20:22:02.404"/>
</kw>
<status status="PASS" starttime="20210713 20:21:54.717" endtime="20210713 20:22:02.404"/>
</kw>
<kw name="And Product is present in the cart" library="AmazonApp">
<kw name="Verify product is added" library="Cart">
<kw name="Wait Until Page Contains" library="SeleniumLibrary">
<arg>Added to Cart</arg>
<doc>Waits until ``text`` appears on the current page.</doc>
<status status="PASS" starttime="20210713 20:22:02.424" endtime="20210713 20:22:02.700"/>
</kw>
<status status="PASS" starttime="20210713 20:22:02.423" endtime="20210713 20:22:02.701"/>
</kw>
<status status="PASS" starttime="20210713 20:22:02.422" endtime="20210713 20:22:02.701"/>
</kw>
<kw name="And User attempts to checkout" library="AmazonApp">
<kw name="Proceed to checkout" library="Cart">
<kw name="Click Link" library="SeleniumLibrary">
<arg>id=hlb-ptc-btn-native</arg>
<doc>Clicks a link identified by ``locator``.</doc>
<msg timestamp="20210713 20:22:02.727" level="INFO">Clicking link 'id=hlb-ptc-btn-native'.</msg>
<status status="PASS" starttime="20210713 20:22:02.725" endtime="20210713 20:22:05.093"/>
</kw>
<status status="PASS" starttime="20210713 20:22:02.724" endtime="20210713 20:22:05.093"/>
</kw>
<status status="PASS" starttime="20210713 20:22:02.723" endtime="20210713 20:22:05.093"/>
</kw>
<kw name="Then User should sign in" library="AmazonApp">
<kw name="Verify sign in page is loaded" library="SignIn">
<kw name="Wait Until Page Contains" library="SeleniumLibrary">
<arg>Sign-In</arg>
<doc>Waits until ``text`` appears on the current page.</doc>
<status status="PASS" starttime="20210713 20:22:05.094" endtime="20210713 20:22:05.213"/>
</kw>
<status status="PASS" starttime="20210713 20:22:05.094" endtime="20210713 20:22:05.214"/>
</kw>
<status status="PASS" starttime="20210713 20:22:05.094" endtime="20210713 20:22:05.214"/>
</kw>
<kw name="End Web Tests" library="Common" type="TEARDOWN">
<kw name="Close Browser" library="SeleniumLibrary">
<doc>Closes the current browser.</doc>
<status status="PASS" starttime="20210713 20:22:05.217" endtime="20210713 20:22:10.764"/>
</kw>
<status status="PASS" starttime="20210713 20:22:05.215" endtime="20210713 20:22:10.764"/>
</kw>
<tag>smoke</tag>
<status status="PASS" starttime="20210713 20:21:23.755" endtime="20210713 20:22:10.767"/>
</test>
<doc>This is some basic info about the whole suite</doc>
<status status="PASS" starttime="20210713 20:19:48.628" endtime="20210713 20:22:10.767"/>
</suite>
<statistics>
<total>
<stat pass="4" fail="0" skip="0">All Tests</stat>
</total>
<tag>
<stat pass="4" fail="0" skip="0">smoke</stat>
</tag>
<suite>
<stat pass="4" fail="0" skip="0" id="s1" name="Amazon">Amazon</stat>
</suite>
</statistics>
<errors>
</errors>
</robot>
